
> temp_init@0.1.0 build
> next build

??Next.js 16.2.3 (Turbopack)
- Environments: .env.local

  Creating an optimized production build ...
node.exe : 
위치 줄:1 문자:1
+ & "C:\Program Files\n
odejs/node.exe" "C:\Pro
gram Files\nodejs/node_
mo ...
+ ~~~~~~~~~~~~~~~~~~~~~
~~~~~~~~~~~~~~~~~~~~~~~
~~~~~~~~~~~~~~~~~~~~~~~
~~
    + CategoryInfo     
         : NotSpecifi  
  ed: (:String) [],    
 RemoteException
    + FullyQualifiedEr 
   rorId : NativeComm  
  andError
 
> Build error occurred
Error: Turbopack build 
failed with 2 errors:
./src/app/realty_admin/
news_write/page.tsx:1:1
Module not found: Can't
 resolve '@/app/admin/n
ews_write/page'
[31m[1m>[0m [90m1 |
[0m [36mimport[0m [
33mNewsWritePage[0m [
36mfrom[0m [32m"@/app
/admin/news_write/page"
[0m;
  [90m  |[0m [31m[1
m^^^^^^^^^^^^^^^^^^^^^^
^^^^^^^^^^^^^^^^^^^^^^^
^^^^^^^^^^^[0m
  [90m2 |[0m
  [90m3 |[0m [36mexp
ort[0m [36mdefault[0
m [36mfunction[0m [3
3mPage[0m() {
  [90m4 |[0m   [36mr
eturn[0m <[33mNewsWri
tePage[0m initialIsMem
berMode={[36mtrue[0m}
 />;

Import map: aliased to 
relative './src/app/adm
in/news_write/page' ins
ide of [project]/


https://nextjs.org/docs
/messages/module-not-fo
und


./src/app/user_admin/ne
ws_write/page.tsx:1:1
Module not found: Can't
 resolve '@/app/admin/n
ews_write/page'
[31m[1m>[0m [90m1 |
[0m [36mimport[0m [
33mNewsWritePage[0m [
36mfrom[0m [32m"@/app
/admin/news_write/page"
[0m;
  [90m  |[0m [31m[1
m^^^^^^^^^^^^^^^^^^^^^^
^^^^^^^^^^^^^^^^^^^^^^^
^^^^^^^^^^^[0m
  [90m2 |[0m
  [90m3 |[0m [36mexp
ort[0m [36mdefault[0
m [36mfunction[0m [3
3mPage[0m() {
  [90m4 |[0m   [36mr
eturn[0m <[33mNewsWri
tePage[0m initialIsMem
berMode={[36mtrue[0m}
 />;

Import map: aliased to 
relative './src/app/adm
in/news_write/page' ins
ide of [project]/


https://nextjs.org/docs
/messages/module-not-fo
und


    at <unknown> (./src
/app/realty_admin/news_
write/page.tsx:1:1)
    at <unknown> (https
://nextjs.org/docs/mess
ages/module-not-found)
    at <unknown> (./src
/app/user_admin/news_wr
ite/page.tsx:1:1)
    at <unknown> (https
://nextjs.org/docs/mess
ages/module-not-found)
